2024-10-16 12:31:01,177 [Test worker] [INFO] (org.springframework.test.context.support.AnnotationConfigContextLoaderUtils) [org.springframework.test.context.support.AnnotationConfigContextLoaderUtils::detectDefaultConfigurationClasses:83] - Could not detect default configuration classes for test class [ru.kraiush.spring.BJS2_27254.repository.TeamMemberRepositoryTest]: TeamMemberRepositoryTest does not declare any static, non-private, non-final, nested classes annotated with @Configuration. | mdc: ()
2024-10-16 12:31:01,480 [Test worker] [INFO] (org.springframework.boot.test.context.SpringBootTestContextBootstrapper) [org.springframework.boot.test.context.SpringBootTestContextBootstrapper::getOrFindConfigurationClasses:234] - Found @SpringBootConfiguration ru.kraiush.spring.BJS2_27254.AppManagingTeams for test class ru.kraiush.spring.BJS2_27254.repository.TeamMemberRepositoryTest | mdc: ()
2024-10-16 12:42:04,092 [main] [DEBUG] (org.springframework.web.filter.ServerHttpObservationFilter) [org.springframework.web.filter.GenericFilterBean::init:240] - Filter 'webMvcObservationFilter' configured for use | mdc: ()
2024-10-16 12:42:08,194 [main] [DEBUG] (org.springframework.web.servlet.mvc.method.annotation.RequestMappingHandlerMapping) [org.springframework.web.servlet.handler.AbstractHandlerMethodMapping::handlerMethodsInitialized:366] - 12 mappings in 'requestMappingHandlerMapping' | mdc: ()
2024-10-16 12:42:08,381 [main] [DEBUG] (org.springframework.web.servlet.handler.SimpleUrlHandlerMapping) [org.springframework.web.servlet.handler.SimpleUrlHandlerMapping::logMappings:187] - Patterns [/webjars/**, /**, /swagger-ui*/*swagger-initializer.js, /swagger-ui*/**] in 'resourceHandlerMapping' | mdc: ()
2024-10-16 12:42:08,448 [main] [DEBUG] (org.springframework.web.servlet.mvc.method.annotation.RequestMappingHandlerAdapter) [org.springframework.web.servlet.mvc.method.annotation.RequestMappingHandlerAdapter::initControllerAdviceCache:634] - ControllerAdvice beans: 0 @ModelAttribute, 0 @InitBinder, 1 RequestBodyAdvice, 1 ResponseBodyAdvice | mdc: ()
2024-10-16 12:42:08,504 [main] [DEBUG] (org.springframework.web.servlet.mvc.method.annotation.ExceptionHandlerExceptionResolver) [org.springframework.web.servlet.mvc.method.annotation.ExceptionHandlerExceptionResolver::initExceptionHandlerAdviceCache:305] - ControllerAdvice beans: 2 @ExceptionHandler, 1 ResponseBodyAdvice | mdc: ()
2024-10-16 12:42:10,405 [RMI TCP Connection(3)-192.168.56.1] [INFO] (org.springframework.web.servlet.DispatcherServlet) [org.springframework.web.servlet.FrameworkServlet::initServletBean:532] - Initializing Servlet 'dispatcherServlet' | mdc: ()
2024-10-16 12:42:10,410 [RMI TCP Connection(3)-192.168.56.1] [DEBUG] (org.springframework.web.servlet.DispatcherServlet) [org.springframework.web.servlet.DispatcherServlet::initMultipartResolver:533] - Detected StandardServletMultipartResolver | mdc: ()
2024-10-16 12:42:10,451 [RMI TCP Connection(3)-192.168.56.1] [DEBUG] (org.springframework.web.servlet.DispatcherServlet) [org.springframework.web.servlet.DispatcherServlet::initLocaleResolver:557] - Detected AcceptHeaderLocaleResolver | mdc: ()
2024-10-16 12:42:10,452 [RMI TCP Connection(3)-192.168.56.1] [DEBUG] (org.springframework.web.servlet.DispatcherServlet) [org.springframework.web.servlet.DispatcherServlet::initThemeResolver:583] - Detected FixedThemeResolver | mdc: ()
2024-10-16 12:42:10,455 [RMI TCP Connection(3)-192.168.56.1] [DEBUG] (org.springframework.web.servlet.DispatcherServlet) [org.springframework.web.servlet.DispatcherServlet::initRequestToViewNameTranslator:733] - Detected org.springframework.web.servlet.view.DefaultRequestToViewNameTranslator@43ab4e83 | mdc: ()
2024-10-16 12:42:10,457 [RMI TCP Connection(3)-192.168.56.1] [DEBUG] (org.springframework.web.servlet.DispatcherServlet) [org.springframework.web.servlet.DispatcherServlet::initFlashMapManager:797] - Detected org.springframework.web.servlet.support.SessionFlashMapManager@619944a7 | mdc: ()
2024-10-16 12:42:10,458 [RMI TCP Connection(3)-192.168.56.1] [DEBUG] (org.springframework.web.servlet.DispatcherServlet) [org.springframework.web.servlet.FrameworkServlet::initServletBean:549] - enableLoggingRequestDetails='false': request parameters and headers will be masked to prevent unsafe logging of potentially sensitive data | mdc: ()
2024-10-16 12:42:10,459 [RMI TCP Connection(3)-192.168.56.1] [INFO] (org.springframework.web.servlet.DispatcherServlet) [org.springframework.web.servlet.FrameworkServlet::initServletBean:554] - Completed initialization in 50 ms | mdc: ()
2024-10-16 12:42:36,684 [http-nio-8080-exec-1] [DEBUG] (org.springframework.web.servlet.DispatcherServlet) [org.springframework.core.log.LogFormatUtils::traceDebug:120] - GET "/", parameters={} | mdc: ()
2024-10-16 12:42:36,695 [http-nio-8080-exec-1] [DEBUG] (org.springframework.web.servlet.handler.SimpleUrlHandlerMapping) [org.springframework.web.servlet.handler.AbstractHandlerMapping::getHandler:531] - Mapped to ResourceHttpRequestHandler [classpath [META-INF/resources/], classpath [resources/], classpath [static/], classpath [public/], ServletContext [/]] | mdc: ()
2024-10-16 12:42:36,700 [http-nio-8080-exec-1] [DEBUG] (org.springframework.web.servlet.resource.ResourceHttpRequestHandler) [org.springframework.web.servlet.resource.ResourceHttpRequestHandler::handleRequest:584] - Resource not found | mdc: ()
2024-10-16 12:42:36,706 [http-nio-8080-exec-1] [DEBUG] (org.springframework.web.servlet.mvc.method.annotation.ExceptionHandlerExceptionResolver) [org.springframework.web.servlet.mvc.method.annotation.ExceptionHandlerExceptionResolver::doResolveHandlerMethodException:420] - Using @ExceptionHandler ru.kraiush.spring.BJS2_27254.exception.aspect.GlobalExceptionHandler#handleAllUncaughtException(Exception, WebRequest) | mdc: ()
2024-10-16 12:42:36,707 [http-nio-8080-exec-1] [ERROR] (ru.kraiush.spring.BJS2_27254.exception.aspect.GlobalExceptionHandler) [ru.kraiush.spring.BJS2_27254.exception.aspect.GlobalExceptionHandler::handleAllUncaughtException:99] - Unknown error occurred | mdc: ()
org.springframework.web.servlet.resource.NoResourceFoundException: No static resource .
	at org.springframework.web.servlet.resource.ResourceHttpRequestHandler.handleRequest(ResourceHttpRequestHandler.java:585)
	at org.springframework.web.servlet.mvc.HttpRequestHandlerAdapter.handle(HttpRequestHandlerAdapter.java:52)
	at org.springframework.web.servlet.DispatcherServlet.doDispatch(DispatcherServlet.java:1089)
	at org.springframework.web.servlet.DispatcherServlet.doService(DispatcherServlet.java:979)
	at org.springframework.web.servlet.FrameworkServlet.processRequest(FrameworkServlet.java:1014)
	at org.springframework.web.servlet.FrameworkServlet.doGet(FrameworkServlet.java:903)
	at jakarta.servlet.http.HttpServlet.service(HttpServlet.java:564)
	at org.springframework.web.servlet.FrameworkServlet.service(FrameworkServlet.java:885)
	at jakarta.servlet.http.HttpServlet.service(HttpServlet.java:658)
	at org.apache.catalina.core.ApplicationFilterChain.internalDoFilter(ApplicationFilterChain.java:195)
	at org.apache.catalina.core.ApplicationFilterChain.doFilter(ApplicationFilterChain.java:140)
	at org.apache.tomcat.websocket.server.WsFilter.doFilter(WsFilter.java:51)
	at org.apache.catalina.core.ApplicationFilterChain.internalDoFilter(ApplicationFilterChain.java:164)
	at org.apache.catalina.core.ApplicationFilterChain.doFilter(ApplicationFilterChain.java:140)
	at org.springframework.web.filter.RequestContextFilter.doFilterInternal(RequestContextFilter.java:100)
	at org.springframework.web.filter.OncePerRequestFilter.doFilter(OncePerRequestFilter.java:116)
	at org.apache.catalina.core.ApplicationFilterChain.internalDoFilter(ApplicationFilterChain.java:164)
	at org.apache.catalina.core.ApplicationFilterChain.doFilter(ApplicationFilterChain.java:140)
	at org.springframework.web.filter.FormContentFilter.doFilterInternal(FormContentFilter.java:93)
	at org.springframework.web.filter.OncePerRequestFilter.doFilter(OncePerRequestFilter.java:116)
	at org.apache.catalina.core.ApplicationFilterChain.internalDoFilter(ApplicationFilterChain.java:164)
	at org.apache.catalina.core.ApplicationFilterChain.doFilter(ApplicationFilterChain.java:140)
	at org.springframework.web.filter.ServerHttpObservationFilter.doFilterInternal(ServerHttpObservationFilter.java:113)
	at org.springframework.web.filter.OncePerRequestFilter.doFilter(OncePerRequestFilter.java:116)
	at org.apache.catalina.core.ApplicationFilterChain.internalDoFilter(ApplicationFilterChain.java:164)
	at org.apache.catalina.core.ApplicationFilterChain.doFilter(ApplicationFilterChain.java:140)
	at org.springframework.web.filter.CharacterEncodingFilter.doFilterInternal(CharacterEncodingFilter.java:201)
	at org.springframework.web.filter.OncePerRequestFilter.doFilter(OncePerRequestFilter.java:116)
	at org.apache.catalina.core.ApplicationFilterChain.internalDoFilter(ApplicationFilterChain.java:164)
	at org.apache.catalina.core.ApplicationFilterChain.doFilter(ApplicationFilterChain.java:140)
	at org.apache.catalina.core.StandardWrapperValve.invoke(StandardWrapperValve.java:167)
	at org.apache.catalina.core.StandardContextValve.invoke(StandardContextValve.java:90)
	at org.apache.catalina.authenticator.AuthenticatorBase.invoke(AuthenticatorBase.java:483)
	at org.apache.catalina.core.StandardHostValve.invoke(StandardHostValve.java:115)
	at org.apache.catalina.valves.ErrorReportValve.invoke(ErrorReportValve.java:93)
	at org.apache.catalina.core.StandardEngineValve.invoke(StandardEngineValve.java:74)
	at org.apache.catalina.connector.CoyoteAdapter.service(CoyoteAdapter.java:344)
	at org.apache.coyote.http11.Http11Processor.service(Http11Processor.java:384)
	at org.apache.coyote.AbstractProcessorLight.process(AbstractProcessorLight.java:63)
	at org.apache.coyote.AbstractProtocol$ConnectionHandler.process(AbstractProtocol.java:905)
	at org.apache.tomcat.util.net.NioEndpoint$SocketProcessor.doRun(NioEndpoint.java:1741)
	at org.apache.tomcat.util.net.SocketProcessorBase.run(SocketProcessorBase.java:52)
	at org.apache.tomcat.util.threads.ThreadPoolExecutor.runWorker(ThreadPoolExecutor.java:1190)
	at org.apache.tomcat.util.threads.ThreadPoolExecutor$Worker.run(ThreadPoolExecutor.java:659)
	at org.apache.tomcat.util.threads.TaskThread$WrappingRunnable.run(TaskThread.java:63)
	at java.base/java.lang.Thread.run(Thread.java:833)
2024-10-16 12:42:36,723 [http-nio-8080-exec-1] [DEBUG] (org.springframework.web.servlet.mvc.method.annotation.RequestResponseBodyMethodProcessor) [org.springframework.web.servlet.mvc.method.annotation.AbstractMessageConverterMethodProcessor::writeWithMessageConverters:275] - Using 'application/json;q=0.8', given [text/html, application/xhtml+xml, image/avif, image/webp, image/apng, application/xml;q=0.9, */*;q=0.8, application/signed-exchange;v=b3;q=0.7] and supported [application/json, application/*+json] | mdc: ()
2024-10-16 12:42:36,725 [http-nio-8080-exec-1] [DEBUG] (org.springframework.web.servlet.mvc.method.annotation.RequestResponseBodyMethodProcessor) [org.springframework.core.log.LogFormatUtils::traceDebug:120] - Writing [ru.kraiush.spring.BJS2_27254.domain.model.ErrorResponse@5223a35d] | mdc: ()
2024-10-16 12:42:36,744 [http-nio-8080-exec-1] [DEBUG] (org.springframework.web.servlet.mvc.method.annotation.ExceptionHandlerExceptionResolver) [org.springframework.web.servlet.handler.AbstractHandlerExceptionResolver::resolveException:179] - Resolved [org.springframework.web.servlet.resource.NoResourceFoundException: No static resource .] | mdc: ()
2024-10-16 12:42:36,746 [http-nio-8080-exec-1] [DEBUG] (org.springframework.web.servlet.DispatcherServlet) [org.springframework.web.servlet.FrameworkServlet::logResult:1138] - Completed 500 INTERNAL_SERVER_ERROR | mdc: ()
2024-10-16 12:42:40,038 [http-nio-8080-exec-2] [DEBUG] (org.springframework.web.servlet.DispatcherServlet) [org.springframework.core.log.LogFormatUtils::traceDebug:120] - GET "/api/welcome", parameters={} | mdc: ()
2024-10-16 12:42:40,042 [http-nio-8080-exec-2] [DEBUG] (org.springframework.web.servlet.mvc.method.annotation.RequestMappingHandlerMapping) [org.springframework.web.servlet.handler.AbstractHandlerMapping::getHandler:531] - Mapped to ru.kraiush.spring.BJS2_27254.controller.TeamController#welcome() | mdc: ()
2024-10-16 12:42:40,068 [http-nio-8080-exec-2] [DEBUG] (org.springframework.web.servlet.mvc.method.annotation.RequestResponseBodyMethodProcessor) [org.springframework.web.servlet.mvc.method.annotation.AbstractMessageConverterMethodProcessor::writeWithMessageConverters:275] - Using 'text/html', given [text/html, application/xhtml+xml, image/avif, image/webp, image/apng, application/xml;q=0.9, */*;q=0.8, application/signed-exchange;v=b3;q=0.7] and supported [text/plain, */*, application/json, application/*+json] | mdc: ()
2024-10-16 12:42:40,069 [http-nio-8080-exec-2] [DEBUG] (org.springframework.web.servlet.mvc.method.annotation.RequestResponseBodyMethodProcessor) [org.springframework.core.log.LogFormatUtils::traceDebug:120] - Writing ["Hello, Visitor!"] | mdc: ()
2024-10-16 12:42:40,073 [http-nio-8080-exec-2] [DEBUG] (org.springframework.web.servlet.DispatcherServlet) [org.springframework.web.servlet.FrameworkServlet::logResult:1138] - Completed 200 OK | mdc: ()
2024-10-16 12:42:57,783 [http-nio-8080-exec-4] [DEBUG] (org.springframework.web.servlet.DispatcherServlet) [org.springframework.core.log.LogFormatUtils::traceDebug:120] - DELETE "/api/members/789777", parameters={} | mdc: ()
2024-10-16 12:42:57,784 [http-nio-8080-exec-4] [DEBUG] (org.springframework.web.servlet.mvc.method.annotation.RequestMappingHandlerMapping) [org.springframework.web.servlet.handler.AbstractHandlerMapping::getHandler:531] - Mapped to ru.kraiush.spring.BJS2_27254.controller.TeamController#delete(Long, long) | mdc: ()
2024-10-16 12:42:58,204 [http-nio-8080-exec-4] [DEBUG] (org.springframework.web.servlet.mvc.method.annotation.RequestResponseBodyMethodProcessor) [org.springframework.web.servlet.mvc.method.annotation.AbstractMessageConverterMethodProcessor::writeWithMessageConverters:275] - Using 'application/json', given [*/*] and supported [application/json, application/*+json] | mdc: ()
2024-10-16 12:42:58,205 [http-nio-8080-exec-4] [DEBUG] (org.springframework.web.servlet.mvc.method.annotation.RequestResponseBodyMethodProcessor) [org.springframework.web.servlet.mvc.method.annotation.AbstractMessageConverterMethodProcessor::writeWithMessageConverters:305] - Nothing to write: null body | mdc: ()
2024-10-16 12:42:58,207 [http-nio-8080-exec-4] [DEBUG] (org.springframework.web.servlet.DispatcherServlet) [org.springframework.web.servlet.FrameworkServlet::logResult:1138] - Completed 200 OK | mdc: ()
2024-10-16 12:44:50,710 [http-nio-8080-exec-7] [DEBUG] (org.springframework.web.servlet.DispatcherServlet) [org.springframework.core.log.LogFormatUtils::traceDebug:120] - DELETE "/api/members/789333", parameters={} | mdc: ()
2024-10-16 12:44:50,711 [http-nio-8080-exec-7] [DEBUG] (org.springframework.web.servlet.mvc.method.annotation.RequestMappingHandlerMapping) [org.springframework.web.servlet.handler.AbstractHandlerMapping::getHandler:531] - Mapped to ru.kraiush.spring.BJS2_27254.controller.TeamController#delete(Long, long) | mdc: ()
2024-10-16 12:44:50,729 [http-nio-8080-exec-7] [DEBUG] (org.springframework.web.servlet.mvc.method.annotation.RequestResponseBodyMethodProcessor) [org.springframework.web.servlet.mvc.method.annotation.AbstractMessageConverterMethodProcessor::writeWithMessageConverters:275] - Using 'application/json', given [*/*] and supported [application/json, application/*+json] | mdc: ()
2024-10-16 12:44:50,730 [http-nio-8080-exec-7] [DEBUG] (org.springframework.web.servlet.mvc.method.annotation.RequestResponseBodyMethodProcessor) [org.springframework.web.servlet.mvc.method.annotation.AbstractMessageConverterMethodProcessor::writeWithMessageConverters:305] - Nothing to write: null body | mdc: ()
2024-10-16 12:44:50,730 [http-nio-8080-exec-7] [DEBUG] (org.springframework.web.servlet.DispatcherServlet) [org.springframework.web.servlet.FrameworkServlet::logResult:1138] - Completed 200 OK | mdc: ()
2024-10-16 12:45:40,711 [http-nio-8080-exec-8] [DEBUG] (org.springframework.web.servlet.DispatcherServlet) [org.springframework.core.log.LogFormatUtils::traceDebug:120] - GET "/api/members", parameters={} | mdc: ()
2024-10-16 12:45:40,712 [http-nio-8080-exec-8] [DEBUG] (org.springframework.web.servlet.mvc.method.annotation.RequestMappingHandlerMapping) [org.springframework.web.servlet.handler.AbstractHandlerMapping::getHandler:531] - Mapped to ru.kraiush.spring.BJS2_27254.controller.TeamController#findAll(Long) | mdc: ()
2024-10-16 12:45:40,848 [http-nio-8080-exec-8] [DEBUG] (org.springframework.web.servlet.mvc.method.annotation.RequestResponseBodyMethodProcessor) [org.springframework.web.servlet.mvc.method.annotation.AbstractMessageConverterMethodProcessor::writeWithMessageConverters:275] - Using 'application/json', given [*/*] and supported [application/json, application/*+json] | mdc: ()
2024-10-16 12:45:40,859 [http-nio-8080-exec-8] [DEBUG] (org.springframework.web.servlet.mvc.method.annotation.RequestResponseBodyMethodProcessor) [org.springframework.core.log.LogFormatUtils::traceDebug:120] - Writing [[TeamMemberDto(id=789111, name=Hercules, gender=true, email=geracl@gmail.com, age=3333, location=Gre (truncated)...] | mdc: ()
2024-10-16 12:45:40,864 [http-nio-8080-exec-8] [DEBUG] (org.springframework.web.servlet.DispatcherServlet) [org.springframework.web.servlet.FrameworkServlet::logResult:1138] - Completed 200 OK | mdc: ()
2024-10-16 12:46:25,917 [http-nio-8080-exec-1] [DEBUG] (org.springframework.web.servlet.DispatcherServlet) [org.springframework.core.log.LogFormatUtils::traceDebug:120] - GET "/api/members/789111", parameters={} | mdc: ()
2024-10-16 12:46:25,918 [http-nio-8080-exec-1] [DEBUG] (org.springframework.web.servlet.mvc.method.annotation.RequestMappingHandlerMapping) [org.springframework.web.servlet.handler.AbstractHandlerMapping::getHandler:531] - Mapped to ru.kraiush.spring.BJS2_27254.controller.TeamController#getTeamMember(Long, long) | mdc: ()
2024-10-16 12:46:25,939 [http-nio-8080-exec-1] [DEBUG] (org.springframework.web.servlet.mvc.method.annotation.RequestResponseBodyMethodProcessor) [org.springframework.web.servlet.mvc.method.annotation.AbstractMessageConverterMethodProcessor::writeWithMessageConverters:275] - Using 'application/json', given [*/*] and supported [application/json, application/*+json] | mdc: ()
2024-10-16 12:46:25,940 [http-nio-8080-exec-1] [DEBUG] (org.springframework.web.servlet.mvc.method.annotation.RequestResponseBodyMethodProcessor) [org.springframework.core.log.LogFormatUtils::traceDebug:120] - Writing [TeamMemberDto(id=789111, name=Hercules, gender=true, email=geracl@gmail.com, age=3333, location=Gree (truncated)...] | mdc: ()
2024-10-16 12:46:25,941 [http-nio-8080-exec-1] [DEBUG] (org.springframework.web.servlet.DispatcherServlet) [org.springframework.web.servlet.FrameworkServlet::logResult:1138] - Completed 200 OK | mdc: ()
2024-10-16 12:46:53,842 [http-nio-8080-exec-3] [DEBUG] (org.springframework.web.servlet.DispatcherServlet) [org.springframework.core.log.LogFormatUtils::traceDebug:120] - DELETE "/api/members/789111", parameters={} | mdc: ()
2024-10-16 12:46:53,843 [http-nio-8080-exec-3] [DEBUG] (org.springframework.web.servlet.mvc.method.annotation.RequestMappingHandlerMapping) [org.springframework.web.servlet.handler.AbstractHandlerMapping::getHandler:531] - Mapped to ru.kraiush.spring.BJS2_27254.controller.TeamController#delete(Long, long) | mdc: ()
2024-10-16 12:46:53,857 [http-nio-8080-exec-3] [DEBUG] (org.springframework.web.servlet.mvc.method.annotation.RequestResponseBodyMethodProcessor) [org.springframework.web.servlet.mvc.method.annotation.AbstractMessageConverterMethodProcessor::writeWithMessageConverters:275] - Using 'application/json', given [*/*] and supported [application/json, application/*+json] | mdc: ()
2024-10-16 12:46:53,857 [http-nio-8080-exec-3] [DEBUG] (org.springframework.web.servlet.mvc.method.annotation.RequestResponseBodyMethodProcessor) [org.springframework.web.servlet.mvc.method.annotation.AbstractMessageConverterMethodProcessor::writeWithMessageConverters:305] - Nothing to write: null body | mdc: ()
2024-10-16 12:46:53,857 [http-nio-8080-exec-3] [DEBUG] (org.springframework.web.servlet.DispatcherServlet) [org.springframework.web.servlet.FrameworkServlet::logResult:1138] - Completed 200 OK | mdc: ()
2024-10-16 12:50:25,888 [main] [DEBUG] (org.springframework.web.filter.ServerHttpObservationFilter) [org.springframework.web.filter.GenericFilterBean::init:240] - Filter 'webMvcObservationFilter' configured for use | mdc: ()
2024-10-16 12:50:30,821 [main] [DEBUG] (org.springframework.web.servlet.mvc.method.annotation.RequestMappingHandlerMapping) [org.springframework.web.servlet.handler.AbstractHandlerMethodMapping::handlerMethodsInitialized:366] - 12 mappings in 'requestMappingHandlerMapping' | mdc: ()
2024-10-16 12:50:31,043 [main] [DEBUG] (org.springframework.web.servlet.handler.SimpleUrlHandlerMapping) [org.springframework.web.servlet.handler.SimpleUrlHandlerMapping::logMappings:187] - Patterns [/webjars/**, /**, /swagger-ui*/*swagger-initializer.js, /swagger-ui*/**] in 'resourceHandlerMapping' | mdc: ()
2024-10-16 12:50:31,112 [main] [DEBUG] (org.springframework.web.servlet.mvc.method.annotation.RequestMappingHandlerAdapter) [org.springframework.web.servlet.mvc.method.annotation.RequestMappingHandlerAdapter::initControllerAdviceCache:634] - ControllerAdvice beans: 0 @ModelAttribute, 0 @InitBinder, 1 RequestBodyAdvice, 1 ResponseBodyAdvice | mdc: ()
2024-10-16 12:50:31,184 [main] [DEBUG] (org.springframework.web.servlet.mvc.method.annotation.ExceptionHandlerExceptionResolver) [org.springframework.web.servlet.mvc.method.annotation.ExceptionHandlerExceptionResolver::initExceptionHandlerAdviceCache:305] - ControllerAdvice beans: 2 @ExceptionHandler, 1 ResponseBodyAdvice | mdc: ()
2024-10-16 12:50:32,943 [RMI TCP Connection(3)-192.168.56.1] [INFO] (org.springframework.web.servlet.DispatcherServlet) [org.springframework.web.servlet.FrameworkServlet::initServletBean:532] - Initializing Servlet 'dispatcherServlet' | mdc: ()
2024-10-16 12:50:32,947 [RMI TCP Connection(3)-192.168.56.1] [DEBUG] (org.springframework.web.servlet.DispatcherServlet) [org.springframework.web.servlet.DispatcherServlet::initMultipartResolver:533] - Detected StandardServletMultipartResolver | mdc: ()
2024-10-16 12:50:32,948 [RMI TCP Connection(3)-192.168.56.1] [DEBUG] (org.springframework.web.servlet.DispatcherServlet) [org.springframework.web.servlet.DispatcherServlet::initLocaleResolver:557] - Detected AcceptHeaderLocaleResolver | mdc: ()
2024-10-16 12:50:32,949 [RMI TCP Connection(3)-192.168.56.1] [DEBUG] (org.springframework.web.servlet.DispatcherServlet) [org.springframework.web.servlet.DispatcherServlet::initThemeResolver:583] - Detected FixedThemeResolver | mdc: ()
2024-10-16 12:50:32,988 [RMI TCP Connection(3)-192.168.56.1] [DEBUG] (org.springframework.web.servlet.DispatcherServlet) [org.springframework.web.servlet.DispatcherServlet::initRequestToViewNameTranslator:733] - Detected org.springframework.web.servlet.view.DefaultRequestToViewNameTranslator@12418d3f | mdc: ()
2024-10-16 12:50:32,989 [RMI TCP Connection(3)-192.168.56.1] [DEBUG] (org.springframework.web.servlet.DispatcherServlet) [org.springframework.web.servlet.DispatcherServlet::initFlashMapManager:797] - Detected org.springframework.web.servlet.support.SessionFlashMapManager@238cac6 | mdc: ()
2024-10-16 12:50:32,990 [RMI TCP Connection(3)-192.168.56.1] [DEBUG] (org.springframework.web.servlet.DispatcherServlet) [org.springframework.web.servlet.FrameworkServlet::initServletBean:549] - enableLoggingRequestDetails='false': request parameters and headers will be masked to prevent unsafe logging of potentially sensitive data | mdc: ()
2024-10-16 12:50:33,027 [RMI TCP Connection(3)-192.168.56.1] [INFO] (org.springframework.web.servlet.DispatcherServlet) [org.springframework.web.servlet.FrameworkServlet::initServletBean:554] - Completed initialization in 80 ms | mdc: ()
2024-10-16 12:50:51,266 [http-nio-8080-exec-2] [DEBUG] (org.springframework.web.servlet.DispatcherServlet) [org.springframework.core.log.LogFormatUtils::traceDebug:120] - GET "/api/members/789111", parameters={} | mdc: ()
2024-10-16 12:50:51,278 [http-nio-8080-exec-2] [DEBUG] (org.springframework.web.servlet.mvc.method.annotation.RequestMappingHandlerMapping) [org.springframework.web.servlet.handler.AbstractHandlerMapping::getHandler:531] - Mapped to ru.kraiush.spring.BJS2_27254.controller.TeamController#getTeamMember(Long, long) | mdc: ()
2024-10-16 12:50:51,558 [http-nio-8080-exec-2] [DEBUG] (org.springframework.web.servlet.mvc.method.annotation.RequestResponseBodyMethodProcessor) [org.springframework.web.servlet.mvc.method.annotation.AbstractMessageConverterMethodProcessor::writeWithMessageConverters:275] - Using 'application/json', given [*/*] and supported [application/json, application/*+json] | mdc: ()
2024-10-16 12:50:51,582 [http-nio-8080-exec-2] [DEBUG] (org.springframework.web.servlet.mvc.method.annotation.RequestResponseBodyMethodProcessor) [org.springframework.core.log.LogFormatUtils::traceDebug:120] - Writing [TeamMemberDto(id=789111, name=Hercules, gender=true, email=geracl@gmail.com, age=3333, location=Gree (truncated)...] | mdc: ()
2024-10-16 12:50:51,603 [http-nio-8080-exec-2] [DEBUG] (org.springframework.web.servlet.DispatcherServlet) [org.springframework.web.servlet.FrameworkServlet::logResult:1138] - Completed 200 OK | mdc: ()
2024-10-16 12:51:00,763 [http-nio-8080-exec-4] [DEBUG] (org.springframework.web.servlet.DispatcherServlet) [org.springframework.core.log.LogFormatUtils::traceDebug:120] - GET "/api/members", parameters={} | mdc: ()
2024-10-16 12:51:00,764 [http-nio-8080-exec-4] [DEBUG] (org.springframework.web.servlet.mvc.method.annotation.RequestMappingHandlerMapping) [org.springframework.web.servlet.handler.AbstractHandlerMapping::getHandler:531] - Mapped to ru.kraiush.spring.BJS2_27254.controller.TeamController#findAll(Long) | mdc: ()
2024-10-16 12:51:00,879 [http-nio-8080-exec-4] [DEBUG] (org.springframework.web.servlet.mvc.method.annotation.RequestResponseBodyMethodProcessor) [org.springframework.web.servlet.mvc.method.annotation.AbstractMessageConverterMethodProcessor::writeWithMessageConverters:275] - Using 'application/json', given [*/*] and supported [application/json, application/*+json] | mdc: ()
2024-10-16 12:51:00,880 [http-nio-8080-exec-4] [DEBUG] (org.springframework.web.servlet.mvc.method.annotation.RequestResponseBodyMethodProcessor) [org.springframework.core.log.LogFormatUtils::traceDebug:120] - Writing [[TeamMemberDto(id=789111, name=Hercules, gender=true, email=geracl@gmail.com, age=3333, location=Gre (truncated)...] | mdc: ()
2024-10-16 12:51:00,882 [http-nio-8080-exec-4] [DEBUG] (org.springframework.web.servlet.DispatcherServlet) [org.springframework.web.servlet.FrameworkServlet::logResult:1138] - Completed 200 OK | mdc: ()
2024-10-16 12:52:32,569 [http-nio-8080-exec-6] [DEBUG] (org.springframework.web.servlet.DispatcherServlet) [org.springframework.core.log.LogFormatUtils::traceDebug:120] - GET "/api/members/789222", parameters={} | mdc: ()
2024-10-16 12:52:32,572 [http-nio-8080-exec-6] [DEBUG] (org.springframework.web.servlet.mvc.method.annotation.RequestMappingHandlerMapping) [org.springframework.web.servlet.handler.AbstractHandlerMapping::getHandler:531] - Mapped to ru.kraiush.spring.BJS2_27254.controller.TeamController#getTeamMember(Long, long) | mdc: ()
2024-10-16 12:52:32,586 [http-nio-8080-exec-6] [DEBUG] (org.springframework.web.servlet.mvc.method.annotation.RequestResponseBodyMethodProcessor) [org.springframework.web.servlet.mvc.method.annotation.AbstractMessageConverterMethodProcessor::writeWithMessageConverters:275] - Using 'application/json', given [*/*] and supported [application/json, application/*+json] | mdc: ()
2024-10-16 12:52:32,587 [http-nio-8080-exec-6] [DEBUG] (org.springframework.web.servlet.mvc.method.annotation.RequestResponseBodyMethodProcessor) [org.springframework.core.log.LogFormatUtils::traceDebug:120] - Writing [TeamMemberDto(id=789222, name=Athena, gender=false, email=afina@gmail.com, age=17, location=Rome, la (truncated)...] | mdc: ()
2024-10-16 12:52:32,589 [http-nio-8080-exec-6] [DEBUG] (org.springframework.web.servlet.DispatcherServlet) [org.springframework.web.servlet.FrameworkServlet::logResult:1138] - Completed 200 OK | mdc: ()
2024-10-16 12:52:40,271 [http-nio-8080-exec-8] [DEBUG] (org.springframework.web.servlet.DispatcherServlet) [org.springframework.core.log.LogFormatUtils::traceDebug:120] - DELETE "/api/members/789222", parameters={} | mdc: ()
2024-10-16 12:52:40,273 [http-nio-8080-exec-8] [DEBUG] (org.springframework.web.servlet.mvc.method.annotation.RequestMappingHandlerMapping) [org.springframework.web.servlet.handler.AbstractHandlerMapping::getHandler:531] - Mapped to ru.kraiush.spring.BJS2_27254.controller.TeamController#delete(Long, long) | mdc: ()
2024-10-16 12:52:40,340 [http-nio-8080-exec-8] [DEBUG] (org.springframework.web.servlet.mvc.method.annotation.RequestResponseBodyMethodProcessor) [org.springframework.web.servlet.mvc.method.annotation.AbstractMessageConverterMethodProcessor::writeWithMessageConverters:275] - Using 'application/json', given [*/*] and supported [application/json, application/*+json] | mdc: ()
2024-10-16 12:52:40,340 [http-nio-8080-exec-8] [DEBUG] (org.springframework.web.servlet.mvc.method.annotation.RequestResponseBodyMethodProcessor) [org.springframework.web.servlet.mvc.method.annotation.AbstractMessageConverterMethodProcessor::writeWithMessageConverters:305] - Nothing to write: null body | mdc: ()
2024-10-16 12:52:40,341 [http-nio-8080-exec-8] [DEBUG] (org.springframework.web.servlet.DispatcherServlet) [org.springframework.web.servlet.FrameworkServlet::logResult:1138] - Completed 200 OK | mdc: ()
